{
  "stats": {
    "suites": 1,
    "tests": 1,
    "passes": 1,
    "pending": 0,
    "failures": 0,
    "start": "2022-05-03T12:13:13.308Z",
    "end": "2022-05-03T12:13:21.186Z",
    "duration": 7878,
    "testsRegistered": 1,
    "passPercent": 100,
    "pendingPercent": 0,
    "other": 0,
    "hasOther": false,
    "skipped": 0,
    "hasSkipped": false
  },
  "results": [
    {
      "uuid": "cac18eaa-1564-414f-837a-6a146328792d",
      "title": "",
      "fullFile": "cypress/integration/chapt24.spec.js",
      "file": "cypress/integration/chapt24.spec.js",
      "beforeHooks": [],
      "afterHooks": [],
      "tests": [],
      "suites": [
        {
          "uuid": "817925b4-df90-402f-ac0d-92dccd118b78",
          "title": "My Second Test Suite",
          "fullFile": "",
          "file": "",
          "beforeHooks": [],
          "afterHooks": [],
          "tests": [
            {
              "title": "My FirstTest case",
              "fullTitle": "My Second Test Suite My FirstTest case",
              "timedOut": null,
              "duration": 5829,
              "state": "passed",
              "speed": "medium",
              "pass": true,
              "fail": false,
              "pending": false,
              "context": null,
              "code": "cy.visit(\"https://rahulshettyacademy.com/seleniumPractise/#/\");\ncy.get('.search-keyword').type('ca');\ncy.wait(2000); //selenium get hit url in browser, cypress get acts like findElement of selenium\n//Parent child chaining\ncy.get('.products').as('productLocator');\ncy.get('@productLocator').find('.product').each(($el, index, $list) => {\n  const textVeg = $el.find('h4.product-name').text();\n  if (textVeg.includes('Cashews')) {\n    cy.wrap($el).find('button').click();\n  }\n});\ncy.get('.cart-icon > img').click();\ncy.contains('PROCEED TO CHECKOUT').click();\ncy.contains('Place Order').click();",
              "err": {},
              "uuid": "3d89f1c7-8a8f-4511-adb2-68feae2b01f1",
              "parentUUID": "817925b4-df90-402f-ac0d-92dccd118b78",
              "isHook": false,
              "skipped": false
            }
          ],
          "suites": [],
          "passes": [
            "3d89f1c7-8a8f-4511-adb2-68feae2b01f1"
          ],
          "failures": [],
          "pending": [],
          "skipped": [],
          "duration": 5829,
          "root": false,
          "rootEmpty": false,
          "_timeout": 2000
        }
      ],
      "passes": [],
      "failures": [],
      "pending": [],
      "skipped": [],
      "duration": 0,
      "root": true,
      "rootEmpty": true,
      "_timeout": 2000
    }
  ],
  "meta": {
    "mocha": {
      "version": "7.0.1"
    },
    "mochawesome": {
      "options": {
        "quiet": false,
        "reportFilename": "mochawesome",
        "saveHtml": true,
        "saveJson": true,
        "consoleReporter": "spec",
        "useInlineDiffs": false,
        "code": true
      },
      "version": "7.1.3"
    },
    "marge": {
      "options": null,
      "version": "6.2.0"
    }
  }
}